<?xml version="1.0" encoding="UTF-8"?>
<testng-results ignored="0" total="1" passed="1" failed="0" skipped="0">
  <reporter-output>
  </reporter-output>
  <suite started-at="2025-10-29T17:58:05 IST" name="Default suite" finished-at="2025-10-29T17:58:59 IST" duration-ms="53811">
    <groups>
    </groups>
    <test started-at="2025-10-29T17:58:05 IST" name="Default test" finished-at="2025-10-29T17:58:59 IST" duration-ms="53811">
      <class name="advance_reports.Sauce_Demo">
        <test-method signature="login()[pri:0, instance:advance_reports.Sauce_Demo@5fdcaa40]" started-at="2025-10-29T17:58:05 IST" name="login" finished-at="2025-10-29T17:58:59 IST" duration-ms="53715" status="PASS">
          <reporter-output>
          </reporter-output>
        </test-method> <!-- login -->
      </class> <!-- advance_reports.Sauce_Demo -->
    </test> <!-- Default test -->
  </suite> <!-- Default suite -->
</testng-results>
