<?xml version="1.0" encoding="UTF-8"?>
<!-- Generated by org.testng.reporters.JUnitXMLReporter -->
<testsuite ignored="0" hostname="DESKTOP-3QR1MEB" failures="0" tests="3" name="SmokeTest" time="25.506" errors="0" timestamp="2025-10-11T16:55:49 IST">
  <testcase classname="types_of_execution.Demo1" name="case1" time="10.077"/>
  <testcase classname="types_of_execution.Demo2" name="case2" time="7.764"/>
  <testcase classname="types_of_execution.Demo3" name="case3" time="7.541"/>
</testsuite> <!-- SmokeTest -->
