<?xml version="1.0" encoding="UTF-8"?>
<!-- Generated by org.testng.reporters.JUnitXMLReporter -->
<testsuite ignored="0" hostname="DESKTOP-3QR1MEB" failures="0" tests="3" name="Test" time="49.7" errors="0" timestamp="2025-10-15T19:39:00 IST">
  <testcase classname="config_ann_extra.OrgTest" name="createOrgTest" time="0.034"/>
  <testcase classname="config_ann_extra.OppTest" name="createOppTest" time="0.003"/>
  <testcase classname="config_ann_extra.ContectTest" name="createContactTest" time="0.003"/>
</testsuite> <!-- Test -->
