<?xml version="1.0" encoding="UTF-8"?>
<!-- Generated by org.testng.reporters.JUnitXMLReporter -->
<testsuite ignored="0" hostname="DESKTOP-3QR1MEB" failures="2" tests="4" name="Test" time="0.208" errors="0" timestamp="2025-11-01T09:23:20 IST">
  <testcase classname="listeners_extra.JustToProve1" name="case1" time="0.034">
    <failure type="java.lang.AssertionError" message="expected [true] but found [false]">
      <![CDATA[java.lang.AssertionError: expected [true] but found [false]
at listeners_extra.JustToProve1.case1(JustToProve1.java:12)
at java.base/java.util.ArrayList.forEach(ArrayList.java:1604)
... Removed 29 stack frames]]>
    </failure>
  </testcase> <!-- case1 -->
  <testcase classname="listeners_extra.JustToProve2" name="case2" time="0.004"/>
  <testcase classname="listeners_extra.JustToProve3" name="case3" time="0.005">
    <failure type="java.lang.AssertionError" message="expected [true] but found [false]">
      <![CDATA[java.lang.AssertionError: expected [true] but found [false]
at listeners_extra.JustToProve3.case3(JustToProve3.java:12)
at java.base/java.util.ArrayList.forEach(ArrayList.java:1604)
... Removed 29 stack frames]]>
    </failure>
  </testcase> <!-- case3 -->
  <testcase classname="listeners_extra.JustToProve3" name="case31" time="0.0">
    <skipped/>
  </testcase> <!-- case31 -->
</testsuite> <!-- Test -->
